2022-03-28 19:41:47,253 DEBUG    decors_def.py      Была вызвана функция: <arg_parser()>. Вызов из модуля: <__main__>. Вызов из функции: <main()>.
2022-03-28 19:41:47,253 INFO     client.py          Запущен клиент с парамертами: адрес сервера: 127.0.0.1, порт: 7777, режим работы: listen
2022-03-28 19:41:47,253 DEBUG    client.py          Сформировано presence сообщение для пользователя Guest
2022-03-28 19:41:47,253 DEBUG    decors_def.py      Была вызвана функция: <create_presence()>. Вызов из модуля: <__main__>. Вызов из функции: <main()>.
2022-03-28 19:41:47,253 DEBUG    decors_def.py      Была вызвана функция: <send_message()>. Вызов из модуля: <common.utils>. Вызов из функции: <main()>.
2022-03-28 19:41:47,284 DEBUG    decors_def.py      Была вызвана функция: <arg_parser()>. Вызов из модуля: <__main__>. Вызов из функции: <main()>.
2022-03-28 19:41:47,284 INFO     client.py          Запущен клиент с парамертами: адрес сервера: 127.0.0.1, порт: 7777, режим работы: send
2022-03-28 19:41:47,284 DEBUG    client.py          Сформировано presence сообщение для пользователя Guest
2022-03-28 19:41:47,284 DEBUG    decors_def.py      Была вызвана функция: <create_presence()>. Вызов из модуля: <__main__>. Вызов из функции: <main()>.
2022-03-28 19:41:47,284 DEBUG    decors_def.py      Была вызвана функция: <send_message()>. Вызов из модуля: <common.utils>. Вызов из функции: <main()>.
2022-03-28 19:41:47,284 DEBUG    decors_def.py      Была вызвана функция: <get_message()>. Вызов из модуля: <common.utils>. Вызов из функции: <main()>.
2022-03-28 19:41:47,284 DEBUG    client.py          Разбор сообщения от сервера: {'response': 200}
2022-03-28 19:41:47,284 DEBUG    decors_def.py      Была вызвана функция: <process_server_answer()>. Вызов из модуля: <__main__>. Вызов из функции: <main()>.
2022-03-28 19:41:47,284 INFO     client.py          Установлено соединение с сервером. Ответ сервера: 200 : OK
2022-03-28 19:41:47,316 DEBUG    decors_def.py      Была вызвана функция: <arg_parser()>. Вызов из модуля: <__main__>. Вызов из функции: <main()>.
2022-03-28 19:41:47,316 INFO     client.py          Запущен клиент с парамертами: адрес сервера: 127.0.0.1, порт: 7777, режим работы: listen
2022-03-28 19:41:47,316 DEBUG    client.py          Сформировано presence сообщение для пользователя Guest
2022-03-28 19:41:47,316 DEBUG    decors_def.py      Была вызвана функция: <create_presence()>. Вызов из модуля: <__main__>. Вызов из функции: <main()>.
2022-03-28 19:41:47,316 DEBUG    decors_def.py      Была вызвана функция: <send_message()>. Вызов из модуля: <common.utils>. Вызов из функции: <main()>.
2022-03-28 19:41:47,316 DEBUG    decors_def.py      Была вызвана функция: <get_message()>. Вызов из модуля: <common.utils>. Вызов из функции: <main()>.
2022-03-28 19:41:47,316 DEBUG    client.py          Разбор сообщения от сервера: {'response': 200}
2022-03-28 19:41:47,316 DEBUG    decors_def.py      Была вызвана функция: <process_server_answer()>. Вызов из модуля: <__main__>. Вызов из функции: <main()>.
2022-03-28 19:41:47,316 INFO     client.py          Установлено соединение с сервером. Ответ сервера: 200 : OK
2022-03-28 19:41:47,331 DEBUG    decors_def.py      Была вызвана функция: <arg_parser()>. Вызов из модуля: <__main__>. Вызов из функции: <main()>.
2022-03-28 19:41:47,331 INFO     client.py          Запущен клиент с парамертами: адрес сервера: 127.0.0.1, порт: 7777, режим работы: send
2022-03-28 19:41:47,331 DEBUG    client.py          Сформировано presence сообщение для пользователя Guest
2022-03-28 19:41:47,331 DEBUG    decors_def.py      Была вызвана функция: <create_presence()>. Вызов из модуля: <__main__>. Вызов из функции: <main()>.
2022-03-28 19:41:47,331 DEBUG    decors_def.py      Была вызвана функция: <send_message()>. Вызов из модуля: <common.utils>. Вызов из функции: <main()>.
2022-03-28 19:41:47,331 DEBUG    decors_def.py      Была вызвана функция: <get_message()>. Вызов из модуля: <common.utils>. Вызов из функции: <main()>.
2022-03-28 19:41:47,331 DEBUG    client.py          Разбор сообщения от сервера: {'response': 200}
2022-03-28 19:41:47,331 DEBUG    decors_def.py      Была вызвана функция: <process_server_answer()>. Вызов из модуля: <__main__>. Вызов из функции: <main()>.
2022-03-28 19:41:47,331 INFO     client.py          Установлено соединение с сервером. Ответ сервера: 200 : OK
2022-03-28 19:41:47,440 DEBUG    decors_def.py      Была вызвана функция: <arg_parser()>. Вызов из модуля: <__main__>. Вызов из функции: <main()>.
2022-03-28 19:41:47,440 INFO     client.py          Запущен клиент с парамертами: адрес сервера: 127.0.0.1, порт: 7777, режим работы: listen
2022-03-28 19:41:47,440 DEBUG    client.py          Сформировано presence сообщение для пользователя Guest
2022-03-28 19:41:47,440 DEBUG    decors_def.py      Была вызвана функция: <create_presence()>. Вызов из модуля: <__main__>. Вызов из функции: <main()>.
2022-03-28 19:41:47,440 DEBUG    decors_def.py      Была вызвана функция: <send_message()>. Вызов из модуля: <common.utils>. Вызов из функции: <main()>.
2022-03-28 19:41:47,440 DEBUG    decors_def.py      Была вызвана функция: <get_message()>. Вызов из модуля: <common.utils>. Вызов из функции: <main()>.
2022-03-28 19:41:47,440 DEBUG    client.py          Разбор сообщения от сервера: {'response': 200}
2022-03-28 19:41:47,440 DEBUG    decors_def.py      Была вызвана функция: <process_server_answer()>. Вызов из модуля: <__main__>. Вызов из функции: <main()>.
2022-03-28 19:41:47,440 INFO     client.py          Установлено соединение с сервером. Ответ сервера: 200 : OK
2022-03-28 19:41:47,955 DEBUG    decors_def.py      Была вызвана функция: <get_message()>. Вызов из модуля: <common.utils>. Вызов из функции: <main()>.
2022-03-28 19:41:47,955 DEBUG    client.py          Разбор сообщения от сервера: {'response': 200}
2022-03-28 19:41:47,955 DEBUG    decors_def.py      Была вызвана функция: <process_server_answer()>. Вызов из модуля: <__main__>. Вызов из функции: <main()>.
2022-03-28 19:41:47,955 INFO     client.py          Установлено соединение с сервером. Ответ сервера: 200 : OK
2022-03-28 19:42:30,372 DEBUG    client.py          Сформирован словарь сообщения: {'action': 'message', 'time': 1648485750.372141, 'account_name': 'Guest', 'mess_text': 'Привет!'}
2022-03-28 19:42:30,372 DEBUG    decors_def.py      Была вызвана функция: <create_message()>. Вызов из модуля: <__main__>. Вызов из функции: <main()>.
2022-03-28 19:42:30,372 DEBUG    decors_def.py      Была вызвана функция: <send_message()>. Вызов из модуля: <common.utils>. Вызов из функции: <main()>.
2022-03-28 19:42:30,684 DEBUG    decors_def.py      Была вызвана функция: <get_message()>. Вызов из модуля: <common.utils>. Вызов из функции: <main()>.
2022-03-28 19:42:30,684 INFO     client.py          Получено сообщение от пользователя Guest:
Привет!
2022-03-28 19:42:30,684 DEBUG    decors_def.py      Была вызвана функция: <message_from_server()>. Вызов из модуля: <__main__>. Вызов из функции: <main()>.
2022-03-28 19:42:30,684 DEBUG    decors_def.py      Была вызвана функция: <get_message()>. Вызов из модуля: <common.utils>. Вызов из функции: <main()>.
2022-03-28 19:42:30,684 INFO     client.py          Получено сообщение от пользователя Guest:
Привет!
2022-03-28 19:42:30,684 DEBUG    decors_def.py      Была вызвана функция: <message_from_server()>. Вызов из модуля: <__main__>. Вызов из функции: <main()>.
2022-03-28 19:42:30,684 DEBUG    decors_def.py      Была вызвана функция: <get_message()>. Вызов из модуля: <common.utils>. Вызов из функции: <main()>.
2022-03-28 19:42:30,684 INFO     client.py          Получено сообщение от пользователя Guest:
Привет!
2022-03-28 19:42:30,684 DEBUG    decors_def.py      Была вызвана функция: <message_from_server()>. Вызов из модуля: <__main__>. Вызов из функции: <main()>.
2022-03-28 19:42:53,740 DEBUG    client.py          Сформирован словарь сообщения: {'action': 'message', 'time': 1648485773.7409818, 'account_name': 'Guest', 'mess_text': 'Как дела?'}
2022-03-28 19:42:53,740 DEBUG    decors_def.py      Была вызвана функция: <create_message()>. Вызов из модуля: <__main__>. Вызов из функции: <main()>.
2022-03-28 19:42:53,740 DEBUG    decors_def.py      Была вызвана функция: <send_message()>. Вызов из модуля: <common.utils>. Вызов из функции: <main()>.
2022-03-28 19:42:53,850 DEBUG    decors_def.py      Была вызвана функция: <get_message()>. Вызов из модуля: <common.utils>. Вызов из функции: <main()>.
2022-03-28 19:42:53,850 INFO     client.py          Получено сообщение от пользователя Guest:
Как дела?
2022-03-28 19:42:53,850 DEBUG    decors_def.py      Была вызвана функция: <message_from_server()>. Вызов из модуля: <__main__>. Вызов из функции: <main()>.
2022-03-28 19:42:53,850 DEBUG    decors_def.py      Была вызвана функция: <get_message()>. Вызов из модуля: <common.utils>. Вызов из функции: <main()>.
2022-03-28 19:42:53,850 INFO     client.py          Получено сообщение от пользователя Guest:
Как дела?
2022-03-28 19:42:53,850 DEBUG    decors_def.py      Была вызвана функция: <message_from_server()>. Вызов из модуля: <__main__>. Вызов из функции: <main()>.
2022-03-28 19:42:53,850 DEBUG    decors_def.py      Была вызвана функция: <get_message()>. Вызов из модуля: <common.utils>. Вызов из функции: <main()>.
2022-03-28 19:42:53,850 INFO     client.py          Получено сообщение от пользователя Guest:
Как дела?
2022-03-28 19:42:53,850 DEBUG    decors_def.py      Была вызвана функция: <message_from_server()>. Вызов из модуля: <__main__>. Вызов из функции: <main()>.
2022-03-28 19:49:13,102 DEBUG    decors_def.py      Была вызвана функция: <arg_parser()>. Вызов из модуля: <__main__>. Вызов из функции: <main()>.
2022-03-28 19:49:13,102 INFO     client.py          Запущен клиент с парамертами: адрес сервера: 127.0.0.1, порт: 7777, режим работы: listen
2022-03-28 19:49:13,102 DEBUG    client.py          Сформировано presence сообщение для пользователя Guest
2022-03-28 19:49:13,102 DEBUG    decors_def.py      Была вызвана функция: <create_presence()>. Вызов из модуля: <__main__>. Вызов из функции: <main()>.
2022-03-28 19:49:13,118 DEBUG    decors_def.py      Была вызвана функция: <send_message()>. Вызов из модуля: <common.utils>. Вызов из функции: <main()>.
2022-03-28 19:49:13,164 DEBUG    decors_def.py      Была вызвана функция: <arg_parser()>. Вызов из модуля: <__main__>. Вызов из функции: <main()>.
2022-03-28 19:49:13,164 INFO     client.py          Запущен клиент с парамертами: адрес сервера: 127.0.0.1, порт: 7777, режим работы: listen
2022-03-28 19:49:13,164 DEBUG    client.py          Сформировано presence сообщение для пользователя Guest
2022-03-28 19:49:13,164 DEBUG    decors_def.py      Была вызвана функция: <create_presence()>. Вызов из модуля: <__main__>. Вызов из функции: <main()>.
2022-03-28 19:49:13,164 DEBUG    decors_def.py      Была вызвана функция: <send_message()>. Вызов из модуля: <common.utils>. Вызов из функции: <main()>.
2022-03-28 19:49:13,180 DEBUG    decors_def.py      Была вызвана функция: <get_message()>. Вызов из модуля: <common.utils>. Вызов из функции: <main()>.
2022-03-28 19:49:13,180 DEBUG    client.py          Разбор сообщения от сервера: {'response': 200}
2022-03-28 19:49:13,180 DEBUG    decors_def.py      Была вызвана функция: <process_server_answer()>. Вызов из модуля: <__main__>. Вызов из функции: <main()>.
2022-03-28 19:49:13,180 INFO     client.py          Установлено соединение с сервером. Ответ сервера: 200 : OK
2022-03-28 19:49:13,180 DEBUG    decors_def.py      Была вызвана функция: <get_message()>. Вызов из модуля: <common.utils>. Вызов из функции: <main()>.
2022-03-28 19:49:13,180 DEBUG    client.py          Разбор сообщения от сервера: {'response': 200}
2022-03-28 19:49:13,180 DEBUG    decors_def.py      Была вызвана функция: <process_server_answer()>. Вызов из модуля: <__main__>. Вызов из функции: <main()>.
2022-03-28 19:49:13,180 INFO     client.py          Установлено соединение с сервером. Ответ сервера: 200 : OK
2022-03-28 19:49:13,258 DEBUG    decors_def.py      Была вызвана функция: <arg_parser()>. Вызов из модуля: <__main__>. Вызов из функции: <main()>.
2022-03-28 19:49:13,258 INFO     client.py          Запущен клиент с парамертами: адрес сервера: 127.0.0.1, порт: 7777, режим работы: send
2022-03-28 19:49:13,258 DEBUG    client.py          Сформировано presence сообщение для пользователя Guest
2022-03-28 19:49:13,258 DEBUG    decors_def.py      Была вызвана функция: <create_presence()>. Вызов из модуля: <__main__>. Вызов из функции: <main()>.
2022-03-28 19:49:13,258 DEBUG    decors_def.py      Была вызвана функция: <arg_parser()>. Вызов из модуля: <__main__>. Вызов из функции: <main()>.
2022-03-28 19:49:13,258 INFO     client.py          Запущен клиент с парамертами: адрес сервера: 127.0.0.1, порт: 7777, режим работы: send
2022-03-28 19:49:13,258 DEBUG    decors_def.py      Была вызвана функция: <send_message()>. Вызов из модуля: <common.utils>. Вызов из функции: <main()>.
2022-03-28 19:49:13,258 DEBUG    client.py          Сформировано presence сообщение для пользователя Guest
2022-03-28 19:49:13,258 DEBUG    decors_def.py      Была вызвана функция: <create_presence()>. Вызов из модуля: <__main__>. Вызов из функции: <main()>.
2022-03-28 19:49:13,274 DEBUG    decors_def.py      Была вызвана функция: <get_message()>. Вызов из модуля: <common.utils>. Вызов из функции: <main()>.
2022-03-28 19:49:13,274 DEBUG    client.py          Разбор сообщения от сервера: {'response': 200}
2022-03-28 19:49:13,274 DEBUG    decors_def.py      Была вызвана функция: <process_server_answer()>. Вызов из модуля: <__main__>. Вызов из функции: <main()>.
2022-03-28 19:49:13,274 INFO     client.py          Установлено соединение с сервером. Ответ сервера: 200 : OK
2022-03-28 19:49:13,274 DEBUG    decors_def.py      Была вызвана функция: <send_message()>. Вызов из модуля: <common.utils>. Вызов из функции: <main()>.
2022-03-28 19:49:13,336 DEBUG    decors_def.py      Была вызвана функция: <arg_parser()>. Вызов из модуля: <__main__>. Вызов из функции: <main()>.
2022-03-28 19:49:13,336 INFO     client.py          Запущен клиент с парамертами: адрес сервера: 127.0.0.1, порт: 7777, режим работы: listen
2022-03-28 19:49:13,336 DEBUG    client.py          Сформировано presence сообщение для пользователя Guest
2022-03-28 19:49:13,336 DEBUG    decors_def.py      Была вызвана функция: <create_presence()>. Вызов из модуля: <__main__>. Вызов из функции: <main()>.
2022-03-28 19:49:13,336 DEBUG    decors_def.py      Была вызвана функция: <send_message()>. Вызов из модуля: <common.utils>. Вызов из функции: <main()>.
2022-03-28 19:49:13,336 DEBUG    decors_def.py      Была вызвана функция: <get_message()>. Вызов из модуля: <common.utils>. Вызов из функции: <main()>.
2022-03-28 19:49:13,336 DEBUG    client.py          Разбор сообщения от сервера: {'response': 200}
2022-03-28 19:49:13,336 DEBUG    decors_def.py      Была вызвана функция: <process_server_answer()>. Вызов из модуля: <__main__>. Вызов из функции: <main()>.
2022-03-28 19:49:13,336 INFO     client.py          Установлено соединение с сервером. Ответ сервера: 200 : OK
2022-03-28 19:49:13,851 DEBUG    decors_def.py      Была вызвана функция: <get_message()>. Вызов из модуля: <common.utils>. Вызов из функции: <main()>.
2022-03-28 19:49:13,851 DEBUG    client.py          Разбор сообщения от сервера: {'response': 200}
2022-03-28 19:49:13,851 DEBUG    decors_def.py      Была вызвана функция: <process_server_answer()>. Вызов из модуля: <__main__>. Вызов из функции: <main()>.
2022-03-28 19:49:13,851 INFO     client.py          Установлено соединение с сервером. Ответ сервера: 200 : OK
2022-03-28 19:49:41,088 DEBUG    client.py          Сформирован словарь сообщения: {'action': 'message', 'time': 1648486181.0888972, 'account_name': 'Guest', 'mess_text': 'hi!'}
2022-03-28 19:49:41,088 DEBUG    decors_def.py      Была вызвана функция: <create_message()>. Вызов из модуля: <__main__>. Вызов из функции: <main()>.
2022-03-28 19:49:41,088 DEBUG    decors_def.py      Была вызвана функция: <send_message()>. Вызов из модуля: <common.utils>. Вызов из функции: <main()>.
2022-03-28 19:49:41,135 DEBUG    decors_def.py      Была вызвана функция: <get_message()>. Вызов из модуля: <common.utils>. Вызов из функции: <main()>.
2022-03-28 19:49:41,135 INFO     client.py          Получено сообщение от пользователя Guest:
hi!
2022-03-28 19:49:41,135 DEBUG    decors_def.py      Была вызвана функция: <message_from_server()>. Вызов из модуля: <__main__>. Вызов из функции: <main()>.
2022-03-28 19:49:41,135 DEBUG    decors_def.py      Была вызвана функция: <get_message()>. Вызов из модуля: <common.utils>. Вызов из функции: <main()>.
2022-03-28 19:49:41,135 INFO     client.py          Получено сообщение от пользователя Guest:
hi!
2022-03-28 19:49:41,135 DEBUG    decors_def.py      Была вызвана функция: <message_from_server()>. Вызов из модуля: <__main__>. Вызов из функции: <main()>.
2022-03-28 19:49:41,135 DEBUG    decors_def.py      Была вызвана функция: <get_message()>. Вызов из модуля: <common.utils>. Вызов из функции: <main()>.
2022-03-28 19:49:41,135 INFO     client.py          Получено сообщение от пользователя Guest:
hi!
2022-03-28 19:49:41,135 DEBUG    decors_def.py      Была вызвана функция: <message_from_server()>. Вызов из модуля: <__main__>. Вызов из функции: <main()>.
2022-03-28 19:50:02,304 DEBUG    client.py          Сформирован словарь сообщения: {'action': 'message', 'time': 1648486202.3049345, 'account_name': 'Guest', 'mess_text': 'hellow'}
2022-03-28 19:50:02,320 DEBUG    decors_def.py      Была вызвана функция: <create_message()>. Вызов из модуля: <__main__>. Вызов из функции: <main()>.
2022-03-28 19:50:02,320 DEBUG    decors_def.py      Была вызвана функция: <send_message()>. Вызов из модуля: <common.utils>. Вызов из функции: <main()>.
2022-03-28 19:50:02,757 DEBUG    decors_def.py      Была вызвана функция: <get_message()>. Вызов из модуля: <common.utils>. Вызов из функции: <main()>.
2022-03-28 19:50:02,757 INFO     client.py          Получено сообщение от пользователя Guest:
hellow
2022-03-28 19:50:02,757 DEBUG    decors_def.py      Была вызвана функция: <message_from_server()>. Вызов из модуля: <__main__>. Вызов из функции: <main()>.
2022-03-28 19:50:02,757 DEBUG    decors_def.py      Была вызвана функция: <get_message()>. Вызов из модуля: <common.utils>. Вызов из функции: <main()>.
2022-03-28 19:50:02,757 INFO     client.py          Получено сообщение от пользователя Guest:
hellow
2022-03-28 19:50:02,757 DEBUG    decors_def.py      Была вызвана функция: <message_from_server()>. Вызов из модуля: <__main__>. Вызов из функции: <main()>.
2022-03-28 19:50:02,757 DEBUG    decors_def.py      Была вызвана функция: <get_message()>. Вызов из модуля: <common.utils>. Вызов из функции: <main()>.
2022-03-28 19:50:02,757 INFO     client.py          Получено сообщение от пользователя Guest:
hellow
2022-03-28 19:50:02,757 DEBUG    decors_def.py      Была вызвана функция: <message_from_server()>. Вызов из модуля: <__main__>. Вызов из функции: <main()>.
